#
# There is insufficient memory for the Java Runtime Environment to continue.
# Native memory allocation (malloc) failed to allocate 569776 bytes. Error detail: Chunk::new
# Possible reasons:
#   The system is out of physical RAM or swap space
#   This process is running with CompressedOops enabled, and the Java Heap may be blocking the growth of the native heap
# Possible solutions:
#   Reduce memory load on the system
#   Increase physical memory or swap space
#   Check if swap backing store is full
#   Decrease Java heap size (-Xmx/-Xms)
#   Decrease number of Java threads
#   Decrease Java thread stack sizes (-Xss)
#   Set larger code cache with -XX:ReservedCodeCacheSize=
#   JVM is running with Unscaled Compressed Oops mode in which the Java heap is
#     placed in the first 4GB address space. The Java Heap base address is the
#     maximum limit for the native heap growth. Please use -XX:HeapBaseMinAddress
#     to set the Java Heap base and to place the Java Heap above 4GB virtual address.
# This output file may be truncated or incomplete.
#
#  Out of Memory Error (arena.cpp:168), pid=3828, tid=7096
#
# JRE version: OpenJDK Runtime Environment Temurin-21.0.7+6 (21.0.7+6) (build 21.0.7+6-LTS)
# Java VM: OpenJDK 64-Bit Server VM Temurin-21.0.7+6 (21.0.7+6-LTS, mixed mode, sharing, tiered, compressed oops, compressed class ptrs, g1 gc, windows-amd64)
# No core dump will be written. Minidumps are not enabled by default on client versions of Windows
#

---------------  S U M M A R Y ------------

Command Line: -Dfile.encoding=UTF-8 -Dstdout.encoding=UTF-8 -Dstderr.encoding=UTF-8 -XX:+ShowCodeDetailsInExceptionMessages com.ecommerce.paymentservice.PaymentServiceApplication

Host: Intel(R) Core(TM) i3-6006U CPU @ 2.00GHz, 4 cores, 7G,  Windows 10 , 64 bit Build 19041 (10.0.19041.5915)
Time: Thu Nov  6 13:28:24 2025 India Standard Time elapsed time: 670.738581 seconds (0d 0h 11m 10s)

---------------  T H R E A D  ---------------

Current thread (0x00000185044a1d60):  JavaThread "C2 CompilerThread0" daemon [_thread_in_native, id=7096, stack(0x00000048d2e00000,0x00000048d2f00000) (1024K)]


Current CompileTask:
C2:670738 9521   !   4       org.apache.kafka.clients.consumer.internals.ConsumerNetworkClient::poll (198 bytes)

Stack: [0x00000048d2e00000,0x00000048d2f00000]
Native frames: (J=compiled Java code, j=interpreted, Vv=VM code, C=native code)
V  [jvm.dll+0x6ce119]
V  [jvm.dll+0x8a84a1]
V  [jvm.dll+0x8aa9ce]
V  [jvm.dll+0x8ab0b3]
V  [jvm.dll+0x27f8a6]
V  [jvm.dll+0xc507d]
V  [jvm.dll+0xc55b3]
V  [jvm.dll+0x3b68f2]
V  [jvm.dll+0x382aa5]
V  [jvm.dll+0x381f0a]
V  [jvm.dll+0x247af0]
V  [jvm.dll+0x2470cf]
V  [jvm.dll+0x1c760e]
V  [jvm.dll+0x25695a]
V  [jvm.dll+0x254efa]
V  [jvm.dll+0x3f03f6]
V  [jvm.dll+0x851f6b]
V  [jvm.dll+0x6cc7dd]
C  [ucrtbase.dll+0x21bb2]
C  [KERNEL32.DLL+0x17374]
C  [ntdll.dll+0x4cc91]


---------------  P R O C E S S  ---------------

Threads class SMR info:
_java_thread_list=0x000001854ceec1d0, length=42, elements={
0x000001850448dc70, 0x0000018504490990, 0x0000018504493be0, 0x0000018504494630,
0x0000018504495080, 0x000001850449dae0, 0x00000185044a1d60, 0x00000185044a27f0,
0x00000185045ea450, 0x0000018504619070, 0x000001854a8e09b0, 0x000001854c5801e0,
0x000001854a8474a0, 0x000001854a71a440, 0x000001854b4fd6d0, 0x000001854c0bc5c0,
0x000001854c0be000, 0x000001854c0bcc50, 0x000001854c0bd970, 0x000001854c0be690,
0x000001854c0bb8a0, 0x000001854deb5e60, 0x000001854deb64f0, 0x000001854deb92e0,
0x000001854deb8c50, 0x000001854deb7210, 0x000001854deb78a0, 0x000001854deb85c0,
0x000001854deb6b80, 0x000001854deb7f30, 0x000001854c30e1e0, 0x000001854c310fd0,
0x000001854c30f590, 0x000001854c310940, 0x000001854c30a040, 0x000001854c3102b0,
0x000001854c30fc20, 0x000001854c311660, 0x000001854c30d4c0, 0x000001854c30b3f0,
0x000001854c30a6d0, 0x000001854c30ad60
}

Java Threads: ( => current thread )
  0x000001850448dc70 JavaThread "Reference Handler"          daemon [_thread_blocked, id=11056, stack(0x00000048d2800000,0x00000048d2900000) (1024K)]
  0x0000018504490990 JavaThread "Finalizer"                  daemon [_thread_blocked, id=14600, stack(0x00000048d2900000,0x00000048d2a00000) (1024K)]
  0x0000018504493be0 JavaThread "Signal Dispatcher"          daemon [_thread_blocked, id=16736, stack(0x00000048d2a00000,0x00000048d2b00000) (1024K)]
  0x0000018504494630 JavaThread "Attach Listener"            daemon [_thread_blocked, id=4500, stack(0x00000048d2b00000,0x00000048d2c00000) (1024K)]
  0x0000018504495080 JavaThread "Service Thread"             daemon [_thread_blocked, id=4444, stack(0x00000048d2c00000,0x00000048d2d00000) (1024K)]
  0x000001850449dae0 JavaThread "Monitor Deflation Thread"   daemon [_thread_blocked, id=1572, stack(0x00000048d2d00000,0x00000048d2e00000) (1024K)]
=>0x00000185044a1d60 JavaThread "C2 CompilerThread0"         daemon [_thread_in_native, id=7096, stack(0x00000048d2e00000,0x00000048d2f00000) (1024K)]
  0x00000185044a27f0 JavaThread "C1 CompilerThread0"         daemon [_thread_blocked, id=7092, stack(0x00000048d2f00000,0x00000048d3000000) (1024K)]
  0x00000185045ea450 JavaThread "Notification Thread"        daemon [_thread_blocked, id=17208, stack(0x00000048d3000000,0x00000048d3100000) (1024K)]
  0x0000018504619070 JavaThread "Common-Cleaner"             daemon [_thread_blocked, id=4056, stack(0x00000048d3100000,0x00000048d3200000) (1024K)]
  0x000001854a8e09b0 JavaThread "Catalina-utility-1"                [_thread_blocked, id=5916, stack(0x00000048d3700000,0x00000048d3800000) (1024K)]
  0x000001854c5801e0 JavaThread "Catalina-utility-2"                [_thread_blocked, id=9712, stack(0x00000048d3800000,0x00000048d3900000) (1024K)]
  0x000001854a8474a0 JavaThread "container-0"                       [_thread_blocked, id=16404, stack(0x00000048d3900000,0x00000048d3a00000) (1024K)]
  0x000001854a71a440 JavaThread "mysql-cj-abandoned-connection-cleanup" daemon [_thread_blocked, id=14924, stack(0x00000048d3a00000,0x00000048d3b00000) (1024K)]
  0x000001854b4fd6d0 JavaThread "HikariPool-1:housekeeper"   daemon [_thread_blocked, id=14696, stack(0x00000048d3b00000,0x00000048d3c00000) (1024K)]
  0x000001854c0bc5c0 JavaThread "spectator-gauge-polling-0"  daemon [_thread_blocked, id=14544, stack(0x00000048d3c00000,0x00000048d3d00000) (1024K)]
  0x000001854c0be000 JavaThread "AsyncResolver-bootstrap-%d" daemon [_thread_blocked, id=14392, stack(0x00000048d3e00000,0x00000048d3f00000) (1024K)]
  0x000001854c0bcc50 JavaThread "DiscoveryClient-%d"         daemon [_thread_blocked, id=4688, stack(0x00000048d3f00000,0x00000048d4000000) (1024K)]
  0x000001854c0bd970 JavaThread "DiscoveryClient-%d"         daemon [_thread_blocked, id=14864, stack(0x00000048d4000000,0x00000048d4100000) (1024K)]
  0x000001854c0be690 JavaThread "DiscoveryClient-InstanceInfoReplicator-%d" daemon [_thread_blocked, id=14904, stack(0x00000048d4100000,0x00000048d4200000) (1024K)]
  0x000001854c0bb8a0 JavaThread "http-nio-8089-exec-1"       daemon [_thread_blocked, id=14628, stack(0x00000048d4200000,0x00000048d4300000) (1024K)]
  0x000001854deb5e60 JavaThread "http-nio-8089-exec-2"       daemon [_thread_blocked, id=17240, stack(0x00000048d4300000,0x00000048d4400000) (1024K)]
  0x000001854deb64f0 JavaThread "http-nio-8089-exec-3"       daemon [_thread_blocked, id=14644, stack(0x00000048d4400000,0x00000048d4500000) (1024K)]
  0x000001854deb92e0 JavaThread "http-nio-8089-exec-4"       daemon [_thread_blocked, id=16556, stack(0x00000048d4500000,0x00000048d4600000) (1024K)]
  0x000001854deb8c50 JavaThread "http-nio-8089-exec-5"       daemon [_thread_blocked, id=14408, stack(0x00000048d4600000,0x00000048d4700000) (1024K)]
  0x000001854deb7210 JavaThread "http-nio-8089-exec-6"       daemon [_thread_blocked, id=11444, stack(0x00000048d4700000,0x00000048d4800000) (1024K)]
  0x000001854deb78a0 JavaThread "http-nio-8089-exec-7"       daemon [_thread_blocked, id=14932, stack(0x00000048d4800000,0x00000048d4900000) (1024K)]
  0x000001854deb85c0 JavaThread "http-nio-8089-exec-8"       daemon [_thread_blocked, id=9720, stack(0x00000048d4900000,0x00000048d4a00000) (1024K)]
  0x000001854deb6b80 JavaThread "http-nio-8089-exec-9"       daemon [_thread_blocked, id=11888, stack(0x00000048d4a00000,0x00000048d4b00000) (1024K)]
  0x000001854deb7f30 JavaThread "http-nio-8089-exec-10"      daemon [_thread_blocked, id=10580, stack(0x00000048d4b00000,0x00000048d4c00000) (1024K)]
  0x000001854c30e1e0 JavaThread "http-nio-8089-Poller"       daemon [_thread_in_native, id=13760, stack(0x00000048d4c00000,0x00000048d4d00000) (1024K)]
  0x000001854c310fd0 JavaThread "http-nio-8089-Acceptor"     daemon [_thread_in_native, id=16908, stack(0x00000048d4d00000,0x00000048d4e00000) (1024K)]
  0x000001854c30f590 JavaThread "ThreadPoolTaskScheduler-1"         [_thread_blocked, id=14476, stack(0x00000048d4e00000,0x00000048d4f00000) (1024K)]
  0x000001854c310940 JavaThread "org.springframework.kafka.KafkaListenerEndpointContainer#0-0-C-1"        [_thread_in_native, id=6812, stack(0x00000048d4f00000,0x00000048d5000000) (1024K)]
  0x000001854c30a040 JavaThread "ThreadPoolTaskScheduler-1"         [_thread_blocked, id=8528, stack(0x00000048d5000000,0x00000048d5100000) (1024K)]
  0x000001854c3102b0 JavaThread "org.springframework.kafka.KafkaListenerEndpointContainer#1-0-C-1"        [_thread_in_native, id=2524, stack(0x00000048d5100000,0x00000048d5200000) (1024K)]
  0x000001854c30fc20 JavaThread "DestroyJavaVM"                     [_thread_blocked, id=11380, stack(0x00000048d2000000,0x00000048d2100000) (1024K)]
  0x000001854c311660 JavaThread "kafka-coordinator-heartbeat-thread | payment-group" daemon [_thread_blocked, id=16732, stack(0x00000048d5400000,0x00000048d5500000) (1024K)]
  0x000001854c30d4c0 JavaThread "kafka-coordinator-heartbeat-thread | payment-group" daemon [_thread_blocked, id=11900, stack(0x00000048d5500000,0x00000048d5600000) (1024K)]
  0x000001854c30b3f0 JavaThread "DiscoveryClient-CacheRefreshExecutor-%d" daemon [_thread_blocked, id=14800, stack(0x00000048d5600000,0x00000048d5700000) (1024K)]
  0x000001854c30a6d0 JavaThread "DiscoveryClient-HeartbeatExecutor-%d" daemon [_thread_blocked, id=12324, stack(0x00000048d5700000,0x00000048d5800000) (1024K)]
  0x000001854c30ad60 JavaThread "AsyncResolver-bootstrap-executor-%d" daemon [_thread_blocked, id=2476, stack(0x00000048d1d00000,0x00000048d1e00000) (1024K)]
Total: 42

Other Threads:
  0x000001856ab261a0 VMThread "VM Thread"                           [id=13004, stack(0x00000048d2700000,0x00000048d2800000) (1024K)]
  0x000001850445d1c0 WatcherThread "VM Periodic Task Thread"        [id=14596, stack(0x00000048d2600000,0x00000048d2700000) (1024K)]
  0x000001856ab268e0 WorkerThread "GC Thread#0"                     [id=4416, stack(0x00000048d2100000,0x00000048d2200000) (1024K)]
  0x000001856ab26c80 WorkerThread "GC Thread#1"                     [id=16488, stack(0x00000048d3200000,0x00000048d3300000) (1024K)]
  0x000001856ab26540 WorkerThread "GC Thread#2"                     [id=17032, stack(0x00000048d3300000,0x00000048d3400000) (1024K)]
  0x000001856ab25a60 WorkerThread "GC Thread#3"                     [id=13028, stack(0x00000048d3400000,0x00000048d3500000) (1024K)]
  0x000001856ce3d010 ConcurrentGCThread "G1 Main Marker"            [id=11592, stack(0x00000048d2200000,0x00000048d2300000) (1024K)]
  0x000001856ab25e00 WorkerThread "G1 Conc#0"                       [id=17248, stack(0x00000048d2300000,0x00000048d2400000) (1024K)]
  0x0000018504316500 ConcurrentGCThread "G1 Refine#0"               [id=12044, stack(0x00000048d2400000,0x00000048d2500000) (1024K)]
  0x0000018504318ea0 ConcurrentGCThread "G1 Service"                [id=9768, stack(0x00000048d2500000,0x00000048d2600000) (1024K)]
Total: 10

Threads with active compile tasks:
C2 CompilerThread0  671176 9521   !   4       org.apache.kafka.clients.consumer.internals.ConsumerNetworkClient::poll (198 bytes)
Total: 1

VM state: not at safepoint (normal execution)

VM Mutex/Monitor currently owned by a thread: None

Heap address: 0x0000000081400000, size: 2028 MB, Compressed Oops mode: 32-bit

CDS archive(s) mapped at: [0x0000018505000000-0x0000018505c80000-0x0000018505c80000), size 13107200, SharedBaseAddress: 0x0000018505000000, ArchiveRelocationMode: 1.
Compressed class space mapped at: 0x0000018506000000-0x0000018546000000, reserved size: 1073741824
Narrow klass base: 0x0000018505000000, Narrow klass shift: 0, Narrow klass range: 0x100000000

GC Precious Log:
 CardTable entry size: 512
 Card Set container configuration: InlinePtr #cards 5 size 8 Array Of Cards #cards 12 size 40 Howl #buckets 4 coarsen threshold 1843 Howl Bitmap #cards 512 size 80 coarsen threshold 460 Card regions per heap region 1 cards per card region 2048
 CPUs: 4 total, 4 available
 Memory: 8108M
 Large Page Support: Disabled
 NUMA Support: Disabled
 Compressed Oops: Enabled (32-bit)
 Heap Region Size: 1M
 Heap Min Capacity: 8M
 Heap Initial Capacity: 128M
 Heap Max Capacity: 2028M
 Pre-touch: Disabled
 Parallel Workers: 4
 Concurrent Workers: 1
 Concurrent Refinement Workers: 4
 Periodic GC: Disabled

Heap:
 garbage-first heap   total 89088K, used 69743K [0x0000000081400000, 0x0000000100000000)
  region size 1024K, 20 young (20480K), 1 survivors (1024K)
 Metaspace       used 92843K, committed 93760K, reserved 1179648K
  class space    used 12037K, committed 12480K, reserved 1048576K

Heap Regions: E=young(eden), S=young(survivor), O=old, HS=humongous(starts), HC=humongous(continues), CS=collection set, F=free, TAMS=top-at-mark-start, PB=parsable bottom
|   0|0x0000000081400000, 0x0000000081500000, 0x0000000081500000|100%|HS|  |TAMS 0x0000000081400000| PB 0x0000000081400000| Complete 
|   1|0x0000000081500000, 0x0000000081600000, 0x0000000081600000|100%|HS|  |TAMS 0x0000000081500000| PB 0x0000000081500000| Complete 
|   2|0x0000000081600000, 0x0000000081700000, 0x0000000081700000|100%|HS|  |TAMS 0x0000000081600000| PB 0x0000000081600000| Complete 
|   3|0x0000000081700000, 0x0000000081800000, 0x0000000081800000|100%| O|  |TAMS 0x0000000081700000| PB 0x0000000081700000| Untracked 
|   4|0x0000000081800000, 0x0000000081900000, 0x0000000081900000|100%| O|  |TAMS 0x0000000081800000| PB 0x0000000081800000| Untracked 
|   5|0x0000000081900000, 0x0000000081a00000, 0x0000000081a00000|100%| O|  |TAMS 0x0000000081900000| PB 0x0000000081900000| Untracked 
|   6|0x0000000081a00000, 0x0000000081b00000, 0x0000000081b00000|100%| O|  |TAMS 0x0000000081a00000| PB 0x0000000081a00000| Untracked 
|   7|0x0000000081b00000, 0x0000000081c00000, 0x0000000081c00000|100%| O|  |TAMS 0x0000000081b00000| PB 0x0000000081b00000| Untracked 
|   8|0x0000000081c00000, 0x0000000081d00000, 0x0000000081d00000|100%| O|  |TAMS 0x0000000081c00000| PB 0x0000000081c00000| Untracked 
|   9|0x0000000081d00000, 0x0000000081e00000, 0x0000000081e00000|100%| O|  |TAMS 0x0000000081d00000| PB 0x0000000081d00000| Untracked 
|  10|0x0000000081e00000, 0x0000000081f00000, 0x0000000081f00000|100%| O|  |TAMS 0x0000000081e00000| PB 0x0000000081e00000| Untracked 
|  11|0x0000000081f00000, 0x0000000082000000, 0x0000000082000000|100%| O|  |TAMS 0x0000000081f00000| PB 0x0000000081f00000| Untracked 
|  12|0x0000000082000000, 0x0000000082100000, 0x0000000082100000|100%| O|  |TAMS 0x0000000082000000| PB 0x0000000082000000| Untracked 
|  13|0x0000000082100000, 0x0000000082200000, 0x0000000082200000|100%| O|  |TAMS 0x0000000082100000| PB 0x0000000082100000| Untracked 
|  14|0x0000000082200000, 0x0000000082200000, 0x0000000082300000|  0%| F|  |TAMS 0x0000000082200000| PB 0x0000000082200000| Untracked 
|  15|0x0000000082300000, 0x0000000082400000, 0x0000000082400000|100%| O|  |TAMS 0x0000000082300000| PB 0x0000000082300000| Untracked 
|  16|0x0000000082400000, 0x0000000082500000, 0x0000000082500000|100%| O|  |TAMS 0x0000000082400000| PB 0x0000000082400000| Untracked 
|  17|0x0000000082500000, 0x0000000082600000, 0x0000000082600000|100%| O|  |TAMS 0x0000000082500000| PB 0x0000000082500000| Untracked 
|  18|0x0000000082600000, 0x0000000082700000, 0x0000000082700000|100%| O|  |TAMS 0x0000000082600000| PB 0x0000000082600000| Untracked 
|  19|0x0000000082700000, 0x0000000082800000, 0x0000000082800000|100%| O|  |TAMS 0x0000000082700000| PB 0x0000000082700000| Untracked 
|  20|0x0000000082800000, 0x0000000082900000, 0x0000000082900000|100%| O|  |TAMS 0x0000000082800000| PB 0x0000000082800000| Untracked 
|  21|0x0000000082900000, 0x0000000082a00000, 0x0000000082a00000|100%| O|  |TAMS 0x0000000082900000| PB 0x0000000082900000| Untracked 
|  22|0x0000000082a00000, 0x0000000082b00000, 0x0000000082b00000|100%| O|  |TAMS 0x0000000082a00000| PB 0x0000000082a00000| Untracked 
|  23|0x0000000082b00000, 0x0000000082c00000, 0x0000000082c00000|100%| O|  |TAMS 0x0000000082b00000| PB 0x0000000082b00000| Untracked 
|  24|0x0000000082c00000, 0x0000000082d00000, 0x0000000082d00000|100%| O|  |TAMS 0x0000000082c00000| PB 0x0000000082c00000| Untracked 
|  25|0x0000000082d00000, 0x0000000082e00000, 0x0000000082e00000|100%| O|  |TAMS 0x0000000082d00000| PB 0x0000000082d00000| Untracked 
|  26|0x0000000082e00000, 0x0000000082f00000, 0x0000000082f00000|100%| O|  |TAMS 0x0000000082e00000| PB 0x0000000082e00000| Untracked 
|  27|0x0000000082f00000, 0x0000000083000000, 0x0000000083000000|100%| O|  |TAMS 0x0000000082f00000| PB 0x0000000082f00000| Untracked 
|  28|0x0000000083000000, 0x0000000083100000, 0x0000000083100000|100%| O|  |TAMS 0x0000000083000000| PB 0x0000000083000000| Untracked 
|  29|0x0000000083100000, 0x0000000083200000, 0x0000000083200000|100%| O|  |TAMS 0x0000000083100000| PB 0x0000000083100000| Untracked 
|  30|0x0000000083200000, 0x0000000083300000, 0x0000000083300000|100%| O|  |TAMS 0x0000000083200000| PB 0x0000000083200000| Untracked 
|  31|0x0000000083300000, 0x0000000083400000, 0x0000000083400000|100%| O|  |TAMS 0x0000000083300000| PB 0x0000000083300000| Untracked 
|  32|0x0000000083400000, 0x0000000083500000, 0x0000000083500000|100%| O|  |TAMS 0x0000000083400000| PB 0x0000000083400000| Untracked 
|  33|0x0000000083500000, 0x0000000083600000, 0x0000000083600000|100%| O|  |TAMS 0x0000000083500000| PB 0x0000000083500000| Untracked 
|  34|0x0000000083600000, 0x0000000083700000, 0x0000000083700000|100%| O|  |TAMS 0x0000000083600000| PB 0x0000000083600000| Untracked 
|  35|0x0000000083700000, 0x0000000083700000, 0x0000000083800000|  0%| F|  |TAMS 0x0000000083700000| PB 0x0000000083700000| Untracked 
|  36|0x0000000083800000, 0x0000000083900000, 0x0000000083900000|100%| O|  |TAMS 0x0000000083800000| PB 0x0000000083800000| Untracked 
|  37|0x0000000083900000, 0x0000000083a00000, 0x0000000083a00000|100%| O|  |TAMS 0x0000000083900000| PB 0x0000000083900000| Untracked 
|  38|0x0000000083a00000, 0x0000000083b00000, 0x0000000083b00000|100%| O|  |TAMS 0x0000000083a00000| PB 0x0000000083a00000| Untracked 
|  39|0x0000000083b00000, 0x0000000083c00000, 0x0000000083c00000|100%| O|Cm|TAMS 0x0000000083b00000| PB 0x0000000083b00000| Complete 
|  40|0x0000000083c00000, 0x0000000083d00000, 0x0000000083d00000|100%| O|  |TAMS 0x0000000083c00000| PB 0x0000000083c00000| Untracked 
|  41|0x0000000083d00000, 0x0000000083d3e800, 0x0000000083e00000| 24%| O|  |TAMS 0x0000000083d00000| PB 0x0000000083d00000| Untracked 
|  42|0x0000000083e00000, 0x0000000083f00000, 0x0000000083f00000|100%| O|  |TAMS 0x0000000083e00000| PB 0x0000000083e00000| Untracked 
|  43|0x0000000083f00000, 0x0000000084000000, 0x0000000084000000|100%| O|Cm|TAMS 0x0000000083f00000| PB 0x0000000083f00000| Complete 
|  44|0x0000000084000000, 0x0000000084100000, 0x0000000084100000|100%| O|  |TAMS 0x0000000084000000| PB 0x0000000084000000| Untracked 
|  45|0x0000000084100000, 0x0000000084200000, 0x0000000084200000|100%| O|  |TAMS 0x0000000084100000| PB 0x0000000084100000| Untracked 
|  46|0x0000000084200000, 0x0000000084300000, 0x0000000084300000|100%| O|  |TAMS 0x0000000084200000| PB 0x0000000084200000| Untracked 
|  47|0x0000000084300000, 0x0000000084400000, 0x0000000084400000|100%| O|  |TAMS 0x0000000084300000| PB 0x0000000084300000| Untracked 
|  48|0x0000000084400000, 0x0000000084500000, 0x0000000084500000|100%| O|  |TAMS 0x0000000084400000| PB 0x0000000084400000| Untracked 
|  49|0x0000000084500000, 0x0000000084600000, 0x0000000084600000|100%| O|  |TAMS 0x0000000084500000| PB 0x0000000084500000| Untracked 
|  50|0x0000000084600000, 0x0000000084700000, 0x0000000084700000|100%| O|  |TAMS 0x0000000084600000| PB 0x0000000084600000| Untracked 
|  51|0x0000000084700000, 0x0000000084800000, 0x0000000084800000|100%| O|  |TAMS 0x0000000084700000| PB 0x0000000084700000| Untracked 
|  52|0x0000000084800000, 0x0000000084800000, 0x0000000084900000|  0%| F|  |TAMS 0x0000000084800000| PB 0x0000000084800000| Untracked 
|  53|0x0000000084900000, 0x0000000084900000, 0x0000000084a00000|  0%| F|  |TAMS 0x0000000084900000| PB 0x0000000084900000| Untracked 
|  54|0x0000000084a00000, 0x0000000084a00000, 0x0000000084b00000|  0%| F|  |TAMS 0x0000000084a00000| PB 0x0000000084a00000| Untracked 
|  55|0x0000000084b00000, 0x0000000084b00000, 0x0000000084c00000|  0%| F|  |TAMS 0x0000000084b00000| PB 0x0000000084b00000| Untracked 
|  56|0x0000000084c00000, 0x0000000084cdd7d8, 0x0000000084d00000| 86%| S|CS|TAMS 0x0000000084c00000| PB 0x0000000084c00000| Complete 
|  57|0x0000000084d00000, 0x0000000084d00000, 0x0000000084e00000|  0%| F|  |TAMS 0x0000000084d00000| PB 0x0000000084d00000| Untracked 
|  58|0x0000000084e00000, 0x0000000084e00000, 0x0000000084f00000|  0%| F|  |TAMS 0x0000000084e00000| PB 0x0000000084e00000| Untracked 
|  59|0x0000000084f00000, 0x0000000084f00000, 0x0000000085000000|  0%| F|  |TAMS 0x0000000084f00000| PB 0x0000000084f00000| Untracked 
|  60|0x0000000085000000, 0x0000000085000000, 0x0000000085100000|  0%| F|  |TAMS 0x0000000085000000| PB 0x0000000085000000| Untracked 
|  61|0x0000000085100000, 0x0000000085100000, 0x0000000085200000|  0%| F|  |TAMS 0x0000000085100000| PB 0x0000000085100000| Untracked 
|  62|0x0000000085200000, 0x0000000085200000, 0x0000000085300000|  0%| F|  |TAMS 0x0000000085200000| PB 0x0000000085200000| Untracked 
|  63|0x0000000085300000, 0x0000000085300000, 0x0000000085400000|  0%| F|  |TAMS 0x0000000085300000| PB 0x0000000085300000| Untracked 
|  64|0x0000000085400000, 0x0000000085400000, 0x0000000085500000|  0%| F|  |TAMS 0x0000000085400000| PB 0x0000000085400000| Untracked 
|  65|0x0000000085500000, 0x0000000085500000, 0x0000000085600000|  0%| F|  |TAMS 0x0000000085500000| PB 0x0000000085500000| Untracked 
|  66|0x0000000085600000, 0x0000000085600000, 0x0000000085700000|  0%| F|  |TAMS 0x0000000085600000| PB 0x0000000085600000| Untracked 
|  67|0x0000000085700000, 0x0000000085700000, 0x0000000085800000|  0%| F|  |TAMS 0x0000000085700000| PB 0x0000000085700000| Untracked 
|  68|0x0000000085800000, 0x0000000085898dc0, 0x0000000085900000| 59%| E|  |TAMS 0x0000000085800000| PB 0x0000000085800000| Complete 
|  69|0x0000000085900000, 0x0000000085a00000, 0x0000000085a00000|100%| E|CS|TAMS 0x0000000085900000| PB 0x0000000085900000| Complete 
|  70|0x0000000085a00000, 0x0000000085b00000, 0x0000000085b00000|100%| E|CS|TAMS 0x0000000085a00000| PB 0x0000000085a00000| Complete 
|  71|0x0000000085b00000, 0x0000000085c00000, 0x0000000085c00000|100%| E|CS|TAMS 0x0000000085b00000| PB 0x0000000085b00000| Complete 
|  72|0x0000000085c00000, 0x0000000085d00000, 0x0000000085d00000|100%| E|CS|TAMS 0x0000000085c00000| PB 0x0000000085c00000| Complete 
|  73|0x0000000085d00000, 0x0000000085e00000, 0x0000000085e00000|100%| E|CS|TAMS 0x0000000085d00000| PB 0x0000000085d00000| Complete 
|  74|0x0000000085e00000, 0x0000000085f00000, 0x0000000085f00000|100%| E|CS|TAMS 0x0000000085e00000| PB 0x0000000085e00000| Complete 
|  75|0x0000000085f00000, 0x0000000086000000, 0x0000000086000000|100%| E|CS|TAMS 0x0000000085f00000| PB 0x0000000085f00000| Complete 
|  76|0x0000000086000000, 0x0000000086100000, 0x0000000086100000|100%| E|CS|TAMS 0x0000000086000000| PB 0x0000000086000000| Complete 
|  77|0x0000000086100000, 0x0000000086200000, 0x0000000086200000|100%| E|CS|TAMS 0x0000000086100000| PB 0x0000000086100000| Complete 
|  78|0x0000000086200000, 0x0000000086300000, 0x0000000086300000|100%| E|CS|TAMS 0x0000000086200000| PB 0x0000000086200000| Complete 
|  79|0x0000000086300000, 0x0000000086400000, 0x0000000086400000|100%| E|CS|TAMS 0x0000000086300000| PB 0x0000000086300000| Complete 
|  80|0x0000000086400000, 0x0000000086500000, 0x0000000086500000|100%| E|CS|TAMS 0x0000000086400000| PB 0x0000000086400000| Complete 
|  81|0x0000000086500000, 0x0000000086600000, 0x0000000086600000|100%| E|CS|TAMS 0x0000000086500000| PB 0x0000000086500000| Complete 
|  82|0x0000000086600000, 0x0000000086700000, 0x0000000086700000|100%| E|CS|TAMS 0x0000000086600000| PB 0x0000000086600000| Complete 
|  83|0x0000000086700000, 0x0000000086800000, 0x0000000086800000|100%| E|CS|TAMS 0x0000000086700000| PB 0x0000000086700000| Complete 
|  84|0x0000000086800000, 0x0000000086900000, 0x0000000086900000|100%| E|CS|TAMS 0x0000000086800000| PB 0x0000000086800000| Complete 
| 126|0x0000000089200000, 0x0000000089300000, 0x0000000089300000|100%| E|CS|TAMS 0x0000000089200000| PB 0x0000000089200000| Complete 
| 127|0x0000000089300000, 0x0000000089400000, 0x0000000089400000|100%| E|CS|TAMS 0x0000000089300000| PB 0x0000000089300000| Complete 

Card table byte_map: [0x000001857fb70000,0x000001857ff70000] _byte_map_base: 0x000001857f766000

Marking Bits: (CMBitMap*) 0x000001856ce2c9b0
 Bits: [0x0000018500000000, 0x0000018501fb0000)

Polling page: 0x000001856ab00000

Metaspace:

Usage:
  Non-class:     78.91 MB used.
      Class:     11.76 MB used.
       Both:     90.67 MB used.

Virtual space:
  Non-class space:      128.00 MB reserved,      79.38 MB ( 62%) committed,  2 nodes.
      Class space:        1.00 GB reserved,      12.19 MB (  1%) committed,  1 nodes.
             Both:        1.12 GB reserved,      91.56 MB (  8%) committed. 

Chunk freelists:
   Non-Class:  129.00 KB
       Class:  3.66 MB
        Both:  3.78 MB

MaxMetaspaceSize: unlimited
CompressedClassSpaceSize: 1.00 GB
Initial GC threshold: 21.00 MB
Current GC threshold: 152.62 MB
CDS: on
 - commit_granule_bytes: 65536.
 - commit_granule_words: 8192.
 - virtual_space_node_default_size: 8388608.
 - enlarge_chunks_in_place: 1.
 - use_allocation_guard: 0.


Internal statistics:

num_allocs_failed_limit: 12.
num_arena_births: 1412.
num_arena_deaths: 0.
num_vsnodes_births: 3.
num_vsnodes_deaths: 0.
num_space_committed: 1465.
num_space_uncommitted: 0.
num_chunks_returned_to_freelist: 12.
num_chunks_taken_from_freelist: 4694.
num_chunk_merges: 12.
num_chunk_splits: 3442.
num_chunks_enlarged: 2729.
num_inconsistent_stats: 0.

CodeHeap 'non-profiled nmethods': size=120000Kb used=4184Kb max_used=4719Kb free=115815Kb
 bounds [0x0000018578240000, 0x00000185786e0000, 0x000001857f770000]
CodeHeap 'profiled nmethods': size=120000Kb used=11661Kb max_used=14469Kb free=108338Kb
 bounds [0x0000018570770000, 0x00000185715a0000, 0x0000018577ca0000]
CodeHeap 'non-nmethods': size=5760Kb used=1792Kb max_used=1880Kb free=3967Kb
 bounds [0x0000018577ca0000, 0x0000018577f10000, 0x0000018578240000]
 total_blobs=7564 nmethods=6762 adapters=706
 compilation: enabled
              stopped_count=0, restarted_count=0
 full_count=0

Compilation events (20 events):
Event: 652.693 Thread 0x00000185044a27f0 9509       3       java.lang.Long::parseLong (7 bytes)
Event: 652.693 Thread 0x00000185044a27f0 nmethod 9509 0x00000185707d4310 code [0x00000185707d44c0, 0x00000185707d45e0]
Event: 652.693 Thread 0x00000185044a1d60 nmethod 9512 0x000001857827e410 code [0x000001857827e5a0, 0x000001857827e7a8]
Event: 655.303 Thread 0x00000185044a1d60 9513       4       org.apache.kafka.common.protocol.ApiKeys::oldestVersion (8 bytes)
Event: 655.304 Thread 0x00000185044a1d60 nmethod 9513 0x0000018578321590 code [0x0000018578321720, 0x00000185783217c8]
Event: 655.675 Thread 0x00000185044a1d60 9514       4       ch.qos.logback.classic.Logger::isDebugEnabled (6 bytes)
Event: 655.677 Thread 0x00000185044a1d60 nmethod 9514 0x00000185782fff90 code [0x0000018578300140, 0x00000185783002e0]
Event: 660.971 Thread 0x00000185044a27f0 9515   !   3       org.apache.catalina.core.ContainerBase::getClusterInternal (38 bytes)
Event: 660.972 Thread 0x00000185044a27f0 nmethod 9515 0x0000018570965590 code [0x00000185709657c0, 0x0000018570965ed8]
Event: 660.972 Thread 0x00000185044a27f0 9516       3       java.util.Comparator$$Lambda/0x0000018506540af0::compare (10 bytes)
Event: 660.972 Thread 0x00000185044a27f0 nmethod 9516 0x0000018570950990 code [0x0000018570950b80, 0x0000018570951000]
Event: 660.972 Thread 0x00000185044a27f0 9517       3       java.util.Comparator::lambda$comparingLong$6043328a$1 (18 bytes)
Event: 660.972 Thread 0x00000185044a27f0 nmethod 9517 0x00000185707a0990 code [0x00000185707a0b60, 0x00000185707a0f50]
Event: 663.973 Thread 0x00000185044a1d60 9518       4       org.apache.kafka.common.protocol.types.RawTaggedFieldWriter::writeRawTags (182 bytes)
Event: 663.975 Thread 0x00000185044a1d60 nmethod 9518 0x0000018578465810 code [0x00000185784659a0, 0x0000018578465ac8]
Event: 668.592 Thread 0x00000185044a1d60 9519   !   4       org.apache.kafka.clients.NetworkClient::poll (207 bytes)
Event: 668.734 Thread 0x00000185044a1d60 nmethod 9519 0x00000185782f9110 code [0x00000185782f9720, 0x00000185782fc490]
Event: 669.611 Thread 0x00000185044a1d60 9520       4       java.nio.ByteBuffer::mark (5 bytes)
Event: 669.613 Thread 0x00000185044a1d60 nmethod 9520 0x0000018578322490 code [0x0000018578322620, 0x00000185783226d8]
Event: 670.124 Thread 0x00000185044a1d60 9521   !   4       org.apache.kafka.clients.consumer.internals.ConsumerNetworkClient::poll (198 bytes)

GC Heap History (20 events):
Event: 21.476 GC heap before
{Heap before GC invocations=16 (full 0):
 garbage-first heap   total 86016K, used 75139K [0x0000000081400000, 0x0000000100000000)
  region size 1024K, 35 young (35840K), 5 survivors (5120K)
 Metaspace       used 77367K, committed 78208K, reserved 1179648K
  class space    used 10475K, committed 10880K, reserved 1048576K
}
Event: 21.495 GC heap after
{Heap after GC invocations=17 (full 0):
 garbage-first heap   total 86016K, used 48726K [0x0000000081400000, 0x0000000100000000)
  region size 1024K, 5 young (5120K), 5 survivors (5120K)
 Metaspace       used 77367K, committed 78208K, reserved 1179648K
  class space    used 10475K, committed 10880K, reserved 1048576K
}
Event: 27.493 GC heap before
{Heap before GC invocations=18 (full 0):
 garbage-first heap   total 86016K, used 75350K [0x0000000081400000, 0x0000000100000000)
  region size 1024K, 31 young (31744K), 5 survivors (5120K)
 Metaspace       used 83201K, committed 84160K, reserved 1179648K
  class space    used 11164K, committed 11584K, reserved 1048576K
}
Event: 27.506 GC heap after
{Heap after GC invocations=19 (full 0):
 garbage-first heap   total 86016K, used 50950K [0x0000000081400000, 0x0000000100000000)
  region size 1024K, 3 young (3072K), 3 survivors (3072K)
 Metaspace       used 83201K, committed 84160K, reserved 1179648K
  class space    used 11164K, committed 11584K, reserved 1048576K
}
Event: 31.000 GC heap before
{Heap before GC invocations=19 (full 0):
 garbage-first heap   total 86016K, used 75526K [0x0000000081400000, 0x0000000100000000)
  region size 1024K, 28 young (28672K), 3 survivors (3072K)
 Metaspace       used 89841K, committed 90816K, reserved 1179648K
  class space    used 11630K, committed 12096K, reserved 1048576K
}
Event: 31.014 GC heap after
{Heap after GC invocations=20 (full 0):
 garbage-first heap   total 86016K, used 51683K [0x0000000081400000, 0x0000000100000000)
  region size 1024K, 2 young (2048K), 2 survivors (2048K)
 Metaspace       used 89841K, committed 90816K, reserved 1179648K
  class space    used 11630K, committed 12096K, reserved 1048576K
}
Event: 166.459 GC heap before
{Heap before GC invocations=20 (full 0):
 garbage-first heap   total 86016K, used 76259K [0x0000000081400000, 0x0000000100000000)
  region size 1024K, 27 young (27648K), 2 survivors (2048K)
 Metaspace       used 92629K, committed 93568K, reserved 1179648K
  class space    used 12033K, committed 12480K, reserved 1048576K
}
Event: 166.466 GC heap after
{Heap after GC invocations=21 (full 0):
 garbage-first heap   total 86016K, used 52373K [0x0000000081400000, 0x0000000100000000)
  region size 1024K, 3 young (3072K), 3 survivors (3072K)
 Metaspace       used 92629K, committed 93568K, reserved 1179648K
  class space    used 12033K, committed 12480K, reserved 1048576K
}
Event: 402.916 GC heap before
{Heap before GC invocations=22 (full 0):
 garbage-first heap   total 89088K, used 76949K [0x0000000081400000, 0x0000000100000000)
  region size 1024K, 27 young (27648K), 3 survivors (3072K)
 Metaspace       used 92717K, committed 93696K, reserved 1179648K
  class space    used 12033K, committed 12480K, reserved 1048576K
}
Event: 402.930 GC heap after
{Heap after GC invocations=23 (full 0):
 garbage-first heap   total 89088K, used 52509K [0x0000000081400000, 0x0000000100000000)
  region size 1024K, 1 young (1024K), 1 survivors (1024K)
 Metaspace       used 92717K, committed 93696K, reserved 1179648K
  class space    used 12033K, committed 12480K, reserved 1048576K
}
Event: 482.623 GC heap before
{Heap before GC invocations=23 (full 0):
 garbage-first heap   total 89088K, used 82205K [0x0000000081400000, 0x0000000100000000)
  region size 1024K, 30 young (30720K), 1 survivors (1024K)
 Metaspace       used 92746K, committed 93696K, reserved 1179648K
  class space    used 12033K, committed 12480K, reserved 1048576K
}
Event: 482.635 GC heap after
{Heap after GC invocations=24 (full 0):
 garbage-first heap   total 89088K, used 51796K [0x0000000081400000, 0x0000000100000000)
  region size 1024K, 1 young (1024K), 1 survivors (1024K)
 Metaspace       used 92746K, committed 93696K, reserved 1179648K
  class space    used 12033K, committed 12480K, reserved 1048576K
}
Event: 513.729 GC heap before
{Heap before GC invocations=24 (full 0):
 garbage-first heap   total 89088K, used 82516K [0x0000000081400000, 0x0000000100000000)
  region size 1024K, 31 young (31744K), 1 survivors (1024K)
 Metaspace       used 92762K, committed 93760K, reserved 1179648K
  class space    used 12034K, committed 12480K, reserved 1048576K
}
Event: 513.733 GC heap after
{Heap after GC invocations=25 (full 0):
 garbage-first heap   total 89088K, used 51821K [0x0000000081400000, 0x0000000100000000)
  region size 1024K, 1 young (1024K), 1 survivors (1024K)
 Metaspace       used 92762K, committed 93760K, reserved 1179648K
  class space    used 12034K, committed 12480K, reserved 1048576K
}
Event: 539.285 GC heap before
{Heap before GC invocations=26 (full 0):
 garbage-first heap   total 89088K, used 82541K [0x0000000081400000, 0x0000000100000000)
  region size 1024K, 31 young (31744K), 1 survivors (1024K)
 Metaspace       used 92784K, committed 93760K, reserved 1179648K
  class space    used 12034K, committed 12480K, reserved 1048576K
}
Event: 539.293 GC heap after
{Heap after GC invocations=27 (full 0):
 garbage-first heap   total 89088K, used 51838K [0x0000000081400000, 0x0000000100000000)
  region size 1024K, 1 young (1024K), 1 survivors (1024K)
 Metaspace       used 92784K, committed 93760K, reserved 1179648K
  class space    used 12034K, committed 12480K, reserved 1048576K
}
Event: 564.755 GC heap before
{Heap before GC invocations=27 (full 0):
 garbage-first heap   total 89088K, used 82558K [0x0000000081400000, 0x0000000100000000)
  region size 1024K, 31 young (31744K), 1 survivors (1024K)
 Metaspace       used 92792K, committed 93760K, reserved 1179648K
  class space    used 12034K, committed 12480K, reserved 1048576K
}
Event: 564.777 GC heap after
{Heap after GC invocations=28 (full 0):
 garbage-first heap   total 89088K, used 51190K [0x0000000081400000, 0x0000000100000000)
  region size 1024K, 1 young (1024K), 1 survivors (1024K)
 Metaspace       used 92792K, committed 93760K, reserved 1179648K
  class space    used 12034K, committed 12480K, reserved 1048576K
}
Event: 576.101 GC heap before
{Heap before GC invocations=28 (full 0):
 garbage-first heap   total 89088K, used 81910K [0x0000000081400000, 0x0000000100000000)
  region size 1024K, 31 young (31744K), 1 survivors (1024K)
 Metaspace       used 92807K, committed 93760K, reserved 1179648K
  class space    used 12037K, committed 12480K, reserved 1048576K
}
Event: 576.106 GC heap after
{Heap after GC invocations=29 (full 0):
 garbage-first heap   total 89088K, used 51311K [0x0000000081400000, 0x0000000100000000)
  region size 1024K, 1 young (1024K), 1 survivors (1024K)
 Metaspace       used 92807K, committed 93760K, reserved 1179648K
  class space    used 12037K, committed 12480K, reserved 1048576K
}

Dll operation events (11 events):
Event: 0.012 Loaded shared library C:\Users\Shree\.p2\pool\plugins\org.eclipse.justj.openjdk.hotspot.jre.full.win32.x86_64_21.0.7.v20250502-0916\jre\bin\java.dll
Event: 0.062 Loaded shared library C:\Users\Shree\.p2\pool\plugins\org.eclipse.justj.openjdk.hotspot.jre.full.win32.x86_64_21.0.7.v20250502-0916\jre\bin\zip.dll
Event: 0.298 Loaded shared library C:\Users\Shree\.p2\pool\plugins\org.eclipse.justj.openjdk.hotspot.jre.full.win32.x86_64_21.0.7.v20250502-0916\jre\bin\net.dll
Event: 0.302 Loaded shared library C:\Users\Shree\.p2\pool\plugins\org.eclipse.justj.openjdk.hotspot.jre.full.win32.x86_64_21.0.7.v20250502-0916\jre\bin\nio.dll
Event: 0.307 Loaded shared library C:\Users\Shree\.p2\pool\plugins\org.eclipse.justj.openjdk.hotspot.jre.full.win32.x86_64_21.0.7.v20250502-0916\jre\bin\zip.dll
Event: 0.611 Loaded shared library C:\Users\Shree\.p2\pool\plugins\org.eclipse.justj.openjdk.hotspot.jre.full.win32.x86_64_21.0.7.v20250502-0916\jre\bin\jimage.dll
Event: 3.265 Loaded shared library C:\Users\Shree\.p2\pool\plugins\org.eclipse.justj.openjdk.hotspot.jre.full.win32.x86_64_21.0.7.v20250502-0916\jre\bin\extnet.dll
Event: 6.154 Loaded shared library C:\Users\Shree\.p2\pool\plugins\org.eclipse.justj.openjdk.hotspot.jre.full.win32.x86_64_21.0.7.v20250502-0916\jre\bin\sunmscapi.dll
Event: 11.519 Loaded shared library C:\Users\Shree\.p2\pool\plugins\org.eclipse.justj.openjdk.hotspot.jre.full.win32.x86_64_21.0.7.v20250502-0916\jre\bin\management.dll
Event: 11.569 Loaded shared library C:\Users\Shree\.p2\pool\plugins\org.eclipse.justj.openjdk.hotspot.jre.full.win32.x86_64_21.0.7.v20250502-0916\jre\bin\management_ext.dll
Event: 13.937 Loaded shared library C:\Users\Shree\.p2\pool\plugins\org.eclipse.justj.openjdk.hotspot.jre.full.win32.x86_64_21.0.7.v20250502-0916\jre\bin\verify.dll

Deoptimization events (20 events):
Event: 631.548 Thread 0x000001854c311660 DEOPT PACKING pc=0x0000018578513410 sp=0x00000048d54ff2d0
Event: 631.548 Thread 0x000001854c30d4c0 DEOPT PACKING pc=0x0000018578513410 sp=0x00000048d55fee00
Event: 631.549 Thread 0x000001854c311660 DEOPT UNPACKING pc=0x0000018577cf46a2 sp=0x00000048d54ff258 mode 2
Event: 631.549 Thread 0x000001854c30d4c0 DEOPT UNPACKING pc=0x0000018577cf46a2 sp=0x00000048d55fed88 mode 2
Event: 631.550 Thread 0x000001854c30d4c0 Uncommon trap: trap_request=0xffffff45 fr.pc=0x0000018578675f8c relative=0x0000000000000eec
Event: 631.550 Thread 0x000001854c30d4c0 Uncommon trap: reason=unstable_if action=reinterpret pc=0x0000018578675f8c method=sun.nio.ch.SocketChannelImpl.translateInterestOps(I)I @ 5 c2
Event: 631.550 Thread 0x000001854c30d4c0 DEOPT PACKING pc=0x0000018578675f8c sp=0x00000048d55febf0
Event: 631.550 Thread 0x000001854c30d4c0 DEOPT UNPACKING pc=0x0000018577cf46a2 sp=0x00000048d55feaf8 mode 2
Event: 631.550 Thread 0x000001854c30d4c0 Uncommon trap: trap_request=0xffffffde fr.pc=0x000001857834df90 relative=0x0000000000000350
Event: 631.550 Thread 0x000001854c30d4c0 Uncommon trap: reason=class_check action=maybe_recompile pc=0x000001857834df90 method=java.util.HashMap$KeySpliterator.forEachRemaining(Ljava/util/function/Consumer;)V @ 145 c2
Event: 631.550 Thread 0x000001854c30d4c0 DEOPT PACKING pc=0x000001857834df90 sp=0x00000048d55fed30
Event: 631.550 Thread 0x000001854c30d4c0 DEOPT UNPACKING pc=0x0000018577cf46a2 sp=0x00000048d55fecd8 mode 2
Event: 631.550 Thread 0x000001854c311660 Uncommon trap: trap_request=0xffffff45 fr.pc=0x00000185786d5054 relative=0x00000000000010f4
Event: 631.550 Thread 0x000001854c311660 Uncommon trap: reason=unstable_if action=reinterpret pc=0x00000185786d5054 method=sun.nio.ch.SocketChannelImpl.translateReadyOps(IILsun/nio/ch/SelectionKeyImpl;)Z @ 108 c2
Event: 631.550 Thread 0x000001854c311660 DEOPT PACKING pc=0x00000185786d5054 sp=0x00000048d54ff0e0
Event: 631.550 Thread 0x000001854c311660 DEOPT UNPACKING pc=0x0000018577cf46a2 sp=0x00000048d54feea0 mode 2
Event: 633.398 Thread 0x000001854c311660 Uncommon trap: trap_request=0xffffff45 fr.pc=0x000001857850b324 relative=0x0000000000000184
Event: 633.398 Thread 0x000001854c311660 Uncommon trap: reason=unstable_if action=reinterpret pc=0x000001857850b324 method=java.util.concurrent.locks.ReentrantLock$FairSync.tryAcquire(I)Z @ 11 c2
Event: 633.398 Thread 0x000001854c311660 DEOPT PACKING pc=0x000001857850b324 sp=0x00000048d54ff480
Event: 633.398 Thread 0x000001854c311660 DEOPT UNPACKING pc=0x0000018577cf46a2 sp=0x00000048d54ff430 mode 2

Classes loaded (20 events):
Event: 30.821 Loading class sun/nio/ch/SocketChannelImpl$DefaultOptionsHolder
Event: 30.821 Loading class sun/nio/ch/SocketChannelImpl$DefaultOptionsHolder done
Event: 30.821 Loading class sun/nio/ch/SelectionKeyImpl
Event: 30.821 Loading class java/nio/channels/spi/AbstractSelectionKey
Event: 30.822 Loading class java/nio/channels/SelectionKey
Event: 30.822 Loading class java/nio/channels/SelectionKey done
Event: 30.822 Loading class java/nio/channels/spi/AbstractSelectionKey done
Event: 30.822 Loading class sun/nio/ch/SelectionKeyImpl done
Event: 30.822 Loading class java/lang/invoke/ConstantBootstraps
Event: 30.823 Loading class java/lang/invoke/ConstantBootstraps done
Event: 31.050 Loading class sun/nio/ch/IOVecWrapper
Event: 31.051 Loading class sun/nio/ch/IOVecWrapper done
Event: 31.051 Loading class sun/nio/ch/AllocatedNativeObject
Event: 31.051 Loading class sun/nio/ch/NativeObject
Event: 31.051 Loading class sun/nio/ch/NativeObject done
Event: 31.051 Loading class sun/nio/ch/AllocatedNativeObject done
Event: 31.051 Loading class sun/nio/ch/IOVecWrapper$Deallocator
Event: 31.051 Loading class sun/nio/ch/IOVecWrapper$Deallocator done
Event: 31.410 Loading class java/lang/ExceptionInInitializerError
Event: 31.410 Loading class java/lang/ExceptionInInitializerError done

Classes unloaded (0 events):
No events

Classes redefined (0 events):
No events

Internal exceptions (20 events):
Event: 21.392 Thread 0x000001856ab55410 Exception <a 'java/lang/NoSuchMethodError'{0x0000000084ba33f0}: 'int java.lang.invoke.DirectMethodHandle$Holder.invokeStatic(java.lang.Object, int, int, int, int)'> (0x0000000084ba33f0) 
thrown [s\src\hotspot\share\interpreter\linkResolver.cpp, line 773]
Event: 21.956 Thread 0x000001856ab55410 Exception <a 'java/lang/NoSuchMethodError'{0x00000000862ae1d0}: 'java.lang.Object java.lang.invoke.DirectMethodHandle$Holder.invokeStatic(java.lang.Object, int, int)'> (0x00000000862ae1d0) 
thrown [s\src\hotspot\share\interpreter\linkResolver.cpp, line 773]
Event: 21.991 Thread 0x000001856ab55410 Exception <a 'java/lang/NoSuchMethodError'{0x0000000086140e20}: 'java.lang.Object java.lang.invoke.DelegatingMethodHandle$Holder.reinvoke_L(java.lang.Object, int, int, long, java.lang.Object, long, long, long)'> (0x0000000086140e20) 
thrown [s\src\hotspot\share\interpreter\linkResolver.cpp, line 773]
Event: 21.994 Thread 0x000001856ab55410 Exception <a 'java/lang/NoSuchMethodError'{0x0000000086164b28}: 'java.lang.Object java.lang.invoke.DelegatingMethodHandle$Holder.reinvoke_L(java.lang.Object, java.lang.Object, java.lang.Object, java.lang.Object, java.lang.Object, java.lang.Object, java.lang.Object, java.lang.Object, java.lang.Object, java.lang.Object, java.lang.Object, java.lang.Object, java.lang.Object, java.lang.Object, int, java.lang.Object, java.lang.Object, java.lang.Object, java.lang.Object, java.lang.Object, java.lang.Object, java.l
Event: 22.000 Thread 0x000001856ab55410 Exception <a 'java/lang/NoSuchMethodError'{0x00000000861b0b10}: 'java.lang.Object java.lang.invoke.DirectMethodHandle$Holder.invokeStatic(java.lang.Object, java.lang.Object, java.lang.Object, java.lang.Object, java.lang.Object, java.lang.Object, java.lang.Object, java.lang.Object, java.lang.Object, java.lang.Object, java.lang.Object, java.lang.Object, java.lang.Object)'> (0x00000000861b0b10) 
thrown [s\src\hotspot\share\interpreter\linkResolver.cpp, line 773]
Event: 22.002 Thread 0x000001856ab55410 Exception <a 'java/lang/NoSuchMethodError'{0x00000000861d1c90}: 'java.lang.Object java.lang.invoke.DirectMethodHandle$Holder.invokeStatic(java.lang.Object, java.lang.Object, java.lang.Object, java.lang.Object, java.lang.Object, java.lang.Object, java.lang.Object, java.lang.Object, java.lang.Object, java.lang.Object, java.lang.Object, java.lang.Object, java.lang.Object, java.lang.Object)'> (0x00000000861d1c90) 
thrown [s\src\hotspot\share\interpreter\linkResolver.cpp, line 773]
Event: 22.003 Thread 0x000001856ab55410 Exception <a 'java/lang/NoSuchMethodError'{0x00000000861e7b08}: 'java.lang.Object java.lang.invoke.DelegatingMethodHandle$Holder.reinvoke_L(java.lang.Object, java.lang.Object, java.lang.Object, java.lang.Object, java.lang.Object, java.lang.Object, java.lang.Object, java.lang.Object, java.lang.Object, java.lang.Object, java.lang.Object, java.lang.Object, java.lang.Object, java.lang.Object, java.lang.Object, java.lang.Object, java.lang.Object, java.lang.Object, java.lang.Object, java.lang.Object, java.lang.O
Event: 26.733 Thread 0x000001856ab55410 Exception <a 'java/lang/IncompatibleClassChangeError'{0x000000008565a350}: Found class java.lang.Object, but interface was expected> (0x000000008565a350) 
thrown [s\src\hotspot\share\interpreter\linkResolver.cpp, line 840]
Event: 31.048 Thread 0x000001854c310940 Exception <a 'java/lang/NoSuchMethodError'{0x0000000089231618}: 'java.lang.Object java.lang.invoke.DirectMethodHandle$Holder.newInvokeSpecial(java.lang.Object, java.lang.Object, long)'> (0x0000000089231618) 
thrown [s\src\hotspot\share\interpreter\linkResolver.cpp, line 773]
Event: 31.048 Thread 0x000001854c3102b0 Exception <a 'java/lang/NoSuchMethodError'{0x0000000089249150}: 'java.lang.Object java.lang.invoke.DirectMethodHandle$Holder.newInvokeSpecial(java.lang.Object, java.lang.Object, long)'> (0x0000000089249150) 
thrown [s\src\hotspot\share\interpreter\linkResolver.cpp, line 773]
Event: 31.048 Thread 0x000001854c310940 Exception <a 'java/lang/NoSuchMethodError'{0x0000000089234d60}: 'java.lang.Object java.lang.invoke.Invokers$Holder.linkToTargetMethod(java.lang.Object, long, java.lang.Object)'> (0x0000000089234d60) 
thrown [s\src\hotspot\share\interpreter\linkResolver.cpp, line 773]
Event: 31.048 Thread 0x000001854c3102b0 Exception <a 'java/lang/NoSuchMethodError'{0x000000008924c688}: 'java.lang.Object java.lang.invoke.Invokers$Holder.linkToTargetMethod(java.lang.Object, long, java.lang.Object)'> (0x000000008924c688) 
thrown [s\src\hotspot\share\interpreter\linkResolver.cpp, line 773]
Event: 49.246 Thread 0x000001854c3102b0 Implicit null exception at 0x00000185782626a2 to 0x00000185782629cc
Event: 49.756 Thread 0x000001854c310940 Implicit null exception at 0x00000185784f8f22 to 0x00000185784f924c
Event: 50.743 Thread 0x000001854c310940 Exception <a 'java/lang/NoSuchMethodError'{0x0000000085dacd60}: 'java.lang.Object java.lang.invoke.DirectMethodHandle$Holder.invokeVirtual(java.lang.Object, java.lang.Object, int)'> (0x0000000085dacd60) 
thrown [s\src\hotspot\share\interpreter\linkResolver.cpp, line 773]
Event: 50.743 Thread 0x000001854c3102b0 Exception <a 'java/lang/NoSuchMethodError'{0x0000000085ddd9d8}: 'java.lang.Object java.lang.invoke.DirectMethodHandle$Holder.invokeVirtual(java.lang.Object, java.lang.Object, int)'> (0x0000000085ddd9d8) 
thrown [s\src\hotspot\share\interpreter\linkResolver.cpp, line 773]
Event: 52.024 Thread 0x000001854c310940 Exception <a 'java/lang/NoSuchMethodError'{0x0000000085cc1440}: 'java.lang.Object java.lang.invoke.DirectMethodHandle$Holder.newInvokeSpecial(java.lang.Object, int, java.lang.Object, java.lang.Object)'> (0x0000000085cc1440) 
thrown [s\src\hotspot\share\interpreter\linkResolver.cpp, line 773]
Event: 52.025 Thread 0x000001854c3102b0 Exception <a 'java/lang/NoSuchMethodError'{0x0000000085cbb930}: 'java.lang.Object java.lang.invoke.DirectMethodHandle$Holder.newInvokeSpecial(java.lang.Object, int, java.lang.Object, java.lang.Object)'> (0x0000000085cbb930) 
thrown [s\src\hotspot\share\interpreter\linkResolver.cpp, line 773]
Event: 321.009 Thread 0x000001854c30ad60 Exception <a 'java/io/IOException'{0x0000000085a10668}> (0x0000000085a10668) 
thrown [s\src\hotspot\share\prims\jni.cpp, line 520]
Event: 621.025 Thread 0x000001854c30ad60 Exception <a 'java/io/IOException'{0x0000000085c00fc8}> (0x0000000085c00fc8) 
thrown [s\src\hotspot\share\prims\jni.cpp, line 520]

ZGC Phase Switch (0 events):
No events

VM Operations (20 events):
Event: 623.878 Executing VM operation: Cleanup
Event: 623.878 Executing VM operation: Cleanup done
Event: 624.892 Executing VM operation: Cleanup
Event: 624.892 Executing VM operation: Cleanup done
Event: 631.970 Executing VM operation: Cleanup
Event: 631.970 Executing VM operation: Cleanup done
Event: 637.016 Executing VM operation: Cleanup
Event: 637.016 Executing VM operation: Cleanup done
Event: 640.048 Executing VM operation: Cleanup
Event: 640.048 Executing VM operation: Cleanup done
Event: 646.113 Executing VM operation: Cleanup
Event: 646.113 Executing VM operation: Cleanup done
Event: 653.200 Executing VM operation: Cleanup
Event: 653.200 Executing VM operation: Cleanup done
Event: 656.233 Executing VM operation: Cleanup
Event: 656.233 Executing VM operation: Cleanup done
Event: 661.753 Executing VM operation: HandshakeAllThreads (HandshakeForDeflation)
Event: 661.753 Executing VM operation: HandshakeAllThreads (HandshakeForDeflation) done
Event: 661.753 Executing VM operation: RendezvousGCThreads
Event: 661.753 Executing VM operation: RendezvousGCThreads done

Memory protections (0 events):
No events

Nmethod flushes (20 events):
Event: 576.311 Thread 0x000001856ab261a0 flushing  nmethod 0x00000185713bc690
Event: 576.311 Thread 0x000001856ab261a0 flushing  nmethod 0x00000185713be690
Event: 576.311 Thread 0x000001856ab261a0 flushing  nmethod 0x00000185713f3610
Event: 576.311 Thread 0x000001856ab261a0 flushing  nmethod 0x00000185713f3a10
Event: 576.311 Thread 0x000001856ab261a0 flushing  nmethod 0x0000018571405190
Event: 576.311 Thread 0x000001856ab261a0 flushing  nmethod 0x0000018571408b10
Event: 576.311 Thread 0x000001856ab261a0 flushing  nmethod 0x000001857140be90
Event: 576.311 Thread 0x000001856ab261a0 flushing  nmethod 0x0000018571412310
Event: 576.311 Thread 0x000001856ab261a0 flushing  nmethod 0x0000018571412f10
Event: 576.311 Thread 0x000001856ab261a0 flushing  nmethod 0x0000018571415610
Event: 576.311 Thread 0x000001856ab261a0 flushing  nmethod 0x0000018571415f10
Event: 576.311 Thread 0x000001856ab261a0 flushing  nmethod 0x0000018571416610
Event: 576.311 Thread 0x000001856ab261a0 flushing  nmethod 0x0000018571468c10
Event: 576.311 Thread 0x000001856ab261a0 flushing  nmethod 0x000001857146a710
Event: 576.311 Thread 0x000001856ab261a0 flushing  nmethod 0x000001857146e190
Event: 576.311 Thread 0x000001856ab261a0 flushing  nmethod 0x0000018571470e90
Event: 576.311 Thread 0x000001856ab261a0 flushing  nmethod 0x00000185714b3d10
Event: 576.311 Thread 0x000001856ab261a0 flushing  nmethod 0x00000185714b4010
Event: 576.311 Thread 0x000001856ab261a0 flushing  nmethod 0x00000185714df210
Event: 576.311 Thread 0x000001856ab261a0 flushing  nmethod 0x00000185714dfe10

Events (20 events):
Event: 22.073 Thread 0x000001856ab55410 Thread added: 0x000001854deb7210
Event: 22.073 Thread 0x000001856ab55410 Thread added: 0x000001854deb78a0
Event: 22.074 Thread 0x000001856ab55410 Thread added: 0x000001854deb85c0
Event: 22.074 Thread 0x000001856ab55410 Thread added: 0x000001854deb6b80
Event: 22.074 Thread 0x000001856ab55410 Thread added: 0x000001854deb7f30
Event: 24.845 Thread 0x000001856ab55410 Thread added: 0x000001854c30e1e0
Event: 24.874 Thread 0x000001856ab55410 Thread added: 0x000001854c310fd0
Event: 27.672 Thread 0x000001856ab55410 Thread added: 0x000001854c30f590
Event: 27.675 Thread 0x000001856ab55410 Thread added: 0x000001854c310940
Event: 27.710 Thread 0x000001856ab55410 Thread added: 0x000001854c30a040
Event: 27.712 Thread 0x000001856ab55410 Thread added: 0x000001854c3102b0
Event: 27.774 Thread 0x000001856ab55410 Thread exited: 0x000001856ab55410
Event: 27.774 Thread 0x000001854c30fc20 Thread added: 0x000001854c30fc20
Event: 49.298 Thread 0x000001854c3102b0 Thread added: 0x000001854c311660
Event: 49.759 Thread 0x000001854c310940 Thread added: 0x000001854c30d4c0
Event: 52.047 Thread 0x000001854c0bcc50 Thread added: 0x000001854c30b3f0
Event: 52.048 Thread 0x000001854c0bd970 Thread added: 0x000001854c30a6d0
Event: 70.562 Thread 0x000001854ab37cb0 Thread exited: 0x000001854ab37cb0
Event: 84.903 Thread 0x000001854c0bd2e0 Thread exited: 0x000001854c0bd2e0
Event: 321.008 Thread 0x000001854c0be000 Thread added: 0x000001854c30ad60


Dynamic libraries:
0x00007ff6b2ff0000 - 0x00007ff6b2ffe000 	C:\Users\Shree\.p2\pool\plugins\org.eclipse.justj.openjdk.hotspot.jre.full.win32.x86_64_21.0.7.v20250502-0916\jre\bin\javaw.exe
0x00007fff77410000 - 0x00007fff77608000 	C:\WINDOWS\SYSTEM32\ntdll.dll
0x00007fff764c0000 - 0x00007fff76582000 	C:\WINDOWS\System32\KERNEL32.DLL
0x00007fff74c30000 - 0x00007fff74f26000 	C:\WINDOWS\System32\KERNELBASE.dll
0x00007fff74f80000 - 0x00007fff75080000 	C:\WINDOWS\System32\ucrtbase.dll
0x00007fff6e470000 - 0x00007fff6e488000 	C:\Users\Shree\.p2\pool\plugins\org.eclipse.justj.openjdk.hotspot.jre.full.win32.x86_64_21.0.7.v20250502-0916\jre\bin\jli.dll
0x00007fff6d250000 - 0x00007fff6d26e000 	C:\Users\Shree\.p2\pool\plugins\org.eclipse.justj.openjdk.hotspot.jre.full.win32.x86_64_21.0.7.v20250502-0916\jre\bin\VCRUNTIME140.dll
0x00007fff75a60000 - 0x00007fff75c01000 	C:\WINDOWS\System32\USER32.dll
0x00007fff5c710000 - 0x00007fff5c9ab000 	C:\WINDOWS\WinSxS\amd64_microsoft.windows.common-controls_6595b64144ccf1df_6.0.19041.6456_none_60b8a6cb71f64256\COMCTL32.dll
0x00007fff74c00000 - 0x00007fff74c22000 	C:\WINDOWS\System32\win32u.dll
0x00007fff76670000 - 0x00007fff7670e000 	C:\WINDOWS\System32\msvcrt.dll
0x00007fff77030000 - 0x00007fff7705b000 	C:\WINDOWS\System32\GDI32.dll
0x00007fff75080000 - 0x00007fff75199000 	C:\WINDOWS\System32\gdi32full.dll
0x00007fff751a0000 - 0x00007fff7523d000 	C:\WINDOWS\System32\msvcp_win.dll
0x00007fff77000000 - 0x00007fff7702f000 	C:\WINDOWS\System32\IMM32.DLL
0x00007fff6d090000 - 0x00007fff6d09c000 	C:\Users\Shree\.p2\pool\plugins\org.eclipse.justj.openjdk.hotspot.jre.full.win32.x86_64_21.0.7.v20250502-0916\jre\bin\vcruntime140_1.dll
0x00007fff5fd20000 - 0x00007fff5fdad000 	C:\Users\Shree\.p2\pool\plugins\org.eclipse.justj.openjdk.hotspot.jre.full.win32.x86_64_21.0.7.v20250502-0916\jre\bin\msvcp140.dll
0x00007fff0e3f0000 - 0x00007fff0f180000 	C:\Users\Shree\.p2\pool\plugins\org.eclipse.justj.openjdk.hotspot.jre.full.win32.x86_64_21.0.7.v20250502-0916\jre\bin\server\jvm.dll
0x00007fff759a0000 - 0x00007fff75a51000 	C:\WINDOWS\System32\ADVAPI32.dll
0x00007fff75430000 - 0x00007fff754cf000 	C:\WINDOWS\System32\sechost.dll
0x00007fff77170000 - 0x00007fff77290000 	C:\WINDOWS\System32\RPCRT4.dll
0x00007fff75350000 - 0x00007fff75377000 	C:\WINDOWS\System32\bcrypt.dll
0x00007fff75c10000 - 0x00007fff75c7b000 	C:\WINDOWS\System32\WS2_32.dll
0x00007fff74900000 - 0x00007fff7494b000 	C:\WINDOWS\SYSTEM32\POWRPROF.dll
0x00007fff62950000 - 0x00007fff62977000 	C:\WINDOWS\SYSTEM32\WINMM.dll
0x00007fff6b940000 - 0x00007fff6b94a000 	C:\WINDOWS\SYSTEM32\VERSION.dll
0x00007fff748e0000 - 0x00007fff748f2000 	C:\WINDOWS\SYSTEM32\UMPDC.dll
0x00007fff73340000 - 0x00007fff73352000 	C:\WINDOWS\SYSTEM32\kernel.appcore.dll
0x00007fff71180000 - 0x00007fff7118a000 	C:\Users\Shree\.p2\pool\plugins\org.eclipse.justj.openjdk.hotspot.jre.full.win32.x86_64_21.0.7.v20250502-0916\jre\bin\jimage.dll
0x00007fff72f60000 - 0x00007fff73161000 	C:\WINDOWS\SYSTEM32\DBGHELP.DLL
0x00007fff62890000 - 0x00007fff628c4000 	C:\WINDOWS\SYSTEM32\dbgcore.DLL
0x00007fff752c0000 - 0x00007fff75342000 	C:\WINDOWS\System32\bcryptPrimitives.dll
0x00007fff6e490000 - 0x00007fff6e4af000 	C:\Users\Shree\.p2\pool\plugins\org.eclipse.justj.openjdk.hotspot.jre.full.win32.x86_64_21.0.7.v20250502-0916\jre\bin\java.dll
0x00007fff75c80000 - 0x00007fff763f0000 	C:\WINDOWS\System32\SHELL32.dll
0x00007fff726e0000 - 0x00007fff72e85000 	C:\WINDOWS\SYSTEM32\windows.storage.dll
0x00007fff76710000 - 0x00007fff76a64000 	C:\WINDOWS\System32\combase.dll
0x00007fff743f0000 - 0x00007fff7441b000 	C:\WINDOWS\SYSTEM32\Wldp.dll
0x00007fff763f0000 - 0x00007fff764bd000 	C:\WINDOWS\System32\OLEAUT32.dll
0x00007fff75530000 - 0x00007fff755dd000 	C:\WINDOWS\System32\SHCORE.dll
0x00007fff76590000 - 0x00007fff765eb000 	C:\WINDOWS\System32\shlwapi.dll
0x00007fff749d0000 - 0x00007fff749f4000 	C:\WINDOWS\SYSTEM32\profapi.dll
0x00007fff6d9f0000 - 0x00007fff6da08000 	C:\Users\Shree\.p2\pool\plugins\org.eclipse.justj.openjdk.hotspot.jre.full.win32.x86_64_21.0.7.v20250502-0916\jre\bin\zip.dll
0x00007fff6e460000 - 0x00007fff6e470000 	C:\Users\Shree\.p2\pool\plugins\org.eclipse.justj.openjdk.hotspot.jre.full.win32.x86_64_21.0.7.v20250502-0916\jre\bin\net.dll
0x00007fff6b590000 - 0x00007fff6b69a000 	C:\WINDOWS\SYSTEM32\WINHTTP.dll
0x00007fff74150000 - 0x00007fff741ba000 	C:\WINDOWS\system32\mswsock.dll
0x00007fff6d9d0000 - 0x00007fff6d9e6000 	C:\Users\Shree\.p2\pool\plugins\org.eclipse.justj.openjdk.hotspot.jre.full.win32.x86_64_21.0.7.v20250502-0916\jre\bin\nio.dll
0x00007fff73ec0000 - 0x00007fff73f8a000 	C:\WINDOWS\SYSTEM32\DNSAPI.dll
0x00007fff73e30000 - 0x00007fff73e6b000 	C:\WINDOWS\SYSTEM32\IPHLPAPI.DLL
0x00007fff76ad0000 - 0x00007fff76ad8000 	C:\WINDOWS\System32\NSI.dll
0x00007fff655d0000 - 0x00007fff655da000 	C:\Windows\System32\rasadhlp.dll
0x00007fff65680000 - 0x00007fff65700000 	C:\WINDOWS\System32\fwpuclnt.dll
0x00007fff6d9b0000 - 0x00007fff6d9b9000 	C:\Users\Shree\.p2\pool\plugins\org.eclipse.justj.openjdk.hotspot.jre.full.win32.x86_64_21.0.7.v20250502-0916\jre\bin\extnet.dll
0x00007fff6d3b0000 - 0x00007fff6d3be000 	C:\Users\Shree\.p2\pool\plugins\org.eclipse.justj.openjdk.hotspot.jre.full.win32.x86_64_21.0.7.v20250502-0916\jre\bin\sunmscapi.dll
0x00007fff74aa0000 - 0x00007fff74bfd000 	C:\WINDOWS\System32\CRYPT32.dll
0x00007fff74460000 - 0x00007fff74487000 	C:\WINDOWS\SYSTEM32\ncrypt.dll
0x00007fff74420000 - 0x00007fff7445b000 	C:\WINDOWS\SYSTEM32\NTASN1.dll
0x00007fff74340000 - 0x00007fff74358000 	C:\WINDOWS\SYSTEM32\CRYPTSP.dll
0x00007fff73a70000 - 0x00007fff73aa8000 	C:\WINDOWS\system32\rsaenh.dll
0x00007fff74990000 - 0x00007fff749be000 	C:\WINDOWS\SYSTEM32\USERENV.dll
0x00007fff74360000 - 0x00007fff7436c000 	C:\WINDOWS\SYSTEM32\CRYPTBASE.dll
0x00007fff6caa0000 - 0x00007fff6caaa000 	C:\Users\Shree\.p2\pool\plugins\org.eclipse.justj.openjdk.hotspot.jre.full.win32.x86_64_21.0.7.v20250502-0916\jre\bin\management.dll
0x00007fff6ca90000 - 0x00007fff6ca9b000 	C:\Users\Shree\.p2\pool\plugins\org.eclipse.justj.openjdk.hotspot.jre.full.win32.x86_64_21.0.7.v20250502-0916\jre\bin\management_ext.dll
0x00007fff772a0000 - 0x00007fff772a8000 	C:\WINDOWS\System32\PSAPI.DLL
0x00007fff6d9c0000 - 0x00007fff6d9d0000 	C:\Users\Shree\.p2\pool\plugins\org.eclipse.justj.openjdk.hotspot.jre.full.win32.x86_64_21.0.7.v20250502-0916\jre\bin\verify.dll
0x00007fff69560000 - 0x00007fff69567000 	C:\WINDOWS\system32\wshunix.dll

dbghelp: loaded successfully - version: 4.0.5 - missing functions: none
symbol engine: initialized successfully - sym options: 0x614 - pdb path: .;C:\Users\Shree\.p2\pool\plugins\org.eclipse.justj.openjdk.hotspot.jre.full.win32.x86_64_21.0.7.v20250502-0916\jre\bin;C:\WINDOWS\SYSTEM32;C:\WINDOWS\WinSxS\amd64_microsoft.windows.common-controls_6595b64144ccf1df_6.0.19041.6456_none_60b8a6cb71f64256;C:\Users\Shree\.p2\pool\plugins\org.eclipse.justj.openjdk.hotspot.jre.full.win32.x86_64_21.0.7.v20250502-0916\jre\bin\server

VM Arguments:
jvm_args: -Dfile.encoding=UTF-8 -Dstdout.encoding=UTF-8 -Dstderr.encoding=UTF-8 -XX:+ShowCodeDetailsInExceptionMessages 
java_command: com.ecommerce.paymentservice.PaymentServiceApplication
java_class_path (initial): G:\Ecommerce-Backend\SpringBootProj01\ecommerc_microservices\PaymentService\target\classes;C:\Users\Shree\.m2\repository\org\springframework\boot\spring-boot-starter-actuator\3.5.6\spring-boot-starter-actuator-3.5.6.jar;C:\Users\Shree\.m2\repository\org\springframework\boot\spring-boot-starter\3.5.6\spring-boot-starter-3.5.6.jar;C:\Users\Shree\.m2\repository\org\springframework\boot\spring-boot\3.5.6\spring-boot-3.5.6.jar;C:\Users\Shree\.m2\repository\org\springframework\boot\spring-boot-autoconfigure\3.5.6\spring-boot-autoconfigure-3.5.6.jar;C:\Users\Shree\.m2\repository\org\springframework\boot\spring-boot-starter-logging\3.5.6\spring-boot-starter-logging-3.5.6.jar;C:\Users\Shree\.m2\repository\org\apache\logging\log4j\log4j-to-slf4j\2.24.3\log4j-to-slf4j-2.24.3.jar;C:\Users\Shree\.m2\repository\org\apache\logging\log4j\log4j-api\2.24.3\log4j-api-2.24.3.jar;C:\Users\Shree\.m2\repository\org\slf4j\jul-to-slf4j\2.0.17\jul-to-slf4j-2.0.17.jar;C:\Users\Shree\.m2\repository\jakarta\annotation\jakarta.annotation-api\2.1.1\jakarta.annotation-api-2.1.1.jar;C:\Users\Shree\.m2\repository\org\yaml\snakeyaml\2.4\snakeyaml-2.4.jar;C:\Users\Shree\.m2\repository\org\springframework\boot\spring-boot-actuator-autoconfigure\3.5.6\spring-boot-actuator-autoconfigure-3.5.6.jar;C:\Users\Shree\.m2\repository\org\springframework\boot\spring-boot-actuator\3.5.6\spring-boot-actuator-3.5.6.jar;C:\Users\Shree\.m2\repository\com\fasterxml\jackson\datatype\jackson-datatype-jsr310\2.19.2\jackson-datatype-jsr310-2.19.2.jar;C:\Users\Shree\.m2\repository\io\micrometer\micrometer-observation\1.15.4\micrometer-observation-1.15.4.jar;C:\Users\Shree\.m2\repository\io\micrometer\micrometer-commons\1.15.4\micrometer-commons-1.15.4.jar;C:\Users\Shree\.m2\repository\io\micrometer\micrometer-jakarta9\1.15.4\micrometer-jakarta9-1.15.4.jar;C:\Users\Shree\.m2\repository\io\micrometer\micrometer-core\1.15.4\micrometer-core-1.15.4.jar;C:\Users\Shree\.m2\repository\org\hdrhistogram\HdrHistogram\2.2.2\HdrHistogram-2.2.2.jar;C:\Users\Shree\.m2\repository\org\latencyutils\LatencyUtils\2.0.3\LatencyUtils-2.0.3.jar;G:\Ecommerce-Backend\SpringBootProj01\ecommerc_microservices\common_modules\target\classes;C:\Users\Shree\.m2\repository\org\springframework\boot\spring-boot-starter-data-jpa\3.5.6\spring-boot-starter-data-jpa-3.5.6.jar;C:\Users\Shree\.m2\repository\org\springframework\boot\spring-boot-starter-jdbc\3.5.6\spring-boot-starter-jdbc-3.5.6.jar;C:\Users\Shree\.m2\repository\com\zaxxer\HikariCP\6.3.3\HikariCP-6.3.3.jar;C:\Users\Shree\.m2\repository\org\springframework\spring-jdbc\6.2.11\spring-jdbc-6.2.11.jar;C:\Users\Shree\.m2\repository\org\hibernate\orm\hibernate-core\6.6.29.Final\hibernate-core-6.6.29.Final.jar;C:\Users\Shree\.m2\repository\jakarta\persistence\jakarta.persistence-api\3.1.0\jakarta.persistence-api-3.1.0.jar;C:\Users\Shree\.m2\repository\jakarta\transaction\jakarta.transaction-api\2.0.1\jakarta.transaction-api-2.0.1.jar;C:\Users\Shree\.m2\repository\org\jboss\logging\jboss-logging\3.6.1.Final\jboss-logging-3.6.1.Final.jar;C:\Users\Shree\.m2\repository\org\hibernate\common\hibernate-commons-annotations\7.0.3.Final\hibernate-commons-annotations-7.0.3.Final.jar;C:\Users\Shree\.m2\repository\io\smallrye\jandex\3.2.0\jandex-3.2.0.jar;C:\Users\Shree\.m2\repository\com\fasterxml\classmate\1.7.0\classmate-1.7.0.jar;C:\Users\Shree\.m2\repository\net\bytebuddy\byte-buddy\1.17.7\byte-buddy-1.17.7.jar;C:\Users\Shree\.m2\repository\org\glassfish\jaxb\jaxb-runtime\4.0.5\jaxb-runtime-4.0.5.jar;C:\Users\Shree\.m2\repository\org\glassfish\jaxb\jaxb-core\4.0.5\jaxb-core-4.0.5.jar;C:\Users\Shree\.m2\repository\org\eclipse\angus\angus-activation\2.0.2\angus-activation-2.0.2.jar;C:\Users\Shree\.m2\repository\org\glassfish\jaxb\txw2\4.0.5\txw2-4.0.5.jar;C:\Users\Shree\.m2\repository\com\sun\istack\istack-commons-runtime\4.1.2\istack-commons-runtime-4.1.2.jar;C:\Users\Shree\.m2\repository\jakarta\inject\jakarta.inject-api\2.0.1\jakarta.inject-api-2.0.1.jar;C:\Users\Shree\.m2\repository\org\antlr\antlr4-runtime\4.13.0\antlr4-runtime-4.13.0.jar;C:\Users\Shree\.m2\repository\org\springframework\data\spring-data-jpa\3.5.4\spring-data-jpa-3.5.4.jar;C:\Users\Shree\.m2\repository\org\springframework\data\spring-data-commons\3.5.4\spring-data-commons-3.5.4.jar;C:\Users\Shree\.m2\repository\org\springframework\spring-orm\6.2.11\spring-orm-6.2.11.jar;C:\Users\Shree\.m2\repository\org\springframework\spring-aop\6.2.11\spring-aop-6.2.11.jar;C:\Users\Shree\.m2\repository\org\springframework\spring-beans\6.2.11\spring-beans-6.2.11.jar;C:\Users\Shree\.m2\repository\org\slf4j\slf4j-api\2.0.17\slf4j-api-2.0.17.jar;C:\Users\Shree\.m2\repository\org\springframework\spring-aspects\6.2.11\spring-aspects-6.2.11.jar;C:\Users\Shree\.m2\repository\org\aspectj\aspectjweaver\1.9.24\aspectjweaver-1.9.24.jar;C:\Users\Shree\.m2\repository\org\springframework\boot\spring-boot-starter-web\3.5.6\spring-boot-starter-web-3.5.6.jar;C:\Users\Shree\.m2\repository\org\springframework\boot\spring-boot-starter-json\3.5.6\spring-boot-starter-json-3.5.6.jar;C:\Users\Shree\.m2\repository\com\fasterxml\jackson\datatype\jackson-datatype-jdk8\2.19.2\jackson-datatype-jdk8-2.19.2.jar;C:\Users\Shree\.m2\repository\com\fasterxml\jackson\module\jackson-module-parameter-names\2.19.2\jackson-module-parameter-names-2.19.2.jar;C:\Users\Shree\.m2\repository\org\springframework\boot\spring-boot-starter-tomcat\3.5.6\spring-boot-starter-tomcat-3.5.6.jar;C:\Users\Shree\.m2\repository\org\apache\tomcat\embed\tomcat-embed-core\10.1.46\tomcat-embed-core-10.1.46.jar;C:\Users\Shree\.m2\repository\org\apache\tomcat\embed\tomcat-embed-el\10.1.46\tomcat-embed-el-10.1.46.jar;C:\Users\Shree\.m2\repository\org\apache\tomcat\embed\tomcat-embed-websocket\10.1.46\tomcat-embed-websocket-10.1.46.jar;C:\Users\Shree\.m2\repository\org\springframework\spring-web\6.2.11\spring-web-6.2.11.jar;C:\Users\Shree\.m2\repository\org\springframework\spring-webmvc\6.2.11\spring-webmvc-6.2.11.jar;C:\Users\Shree\.m2\repository\org\springframework\spring-expression\6.2.11\spring-expression-6.2.11.jar;C:\Users\Shree\.m2\repository\org\springframework\cloud\spring-cloud-starter-config\4.3.0\spring-cloud-starter-config-4.3.0.jar;C:\Users\Shree\.m2\repository\org\springframework\cloud\spring-cloud-starter\4.3.0\spring-cloud-starter-4.3.0.jar;C:\Users\Shree\.m2\repository\org\springframework\cloud\spring-cloud-context\4.3.0\spring-cloud-context-4.3.0.jar;C:\Users\Shree\.m2\repository\org\springframework\security\spring-security-crypto\6.5.5\spring-security-crypto-6.5.5.jar;C:\Users\Shree\.m2\repository\org\springframework\cloud\spring-cloud-commons\4.3.0\spring-cloud-commons-4.3.0.jar;C:\Users\Shree\.m2\repository\org\bouncycastle\bcprov-jdk18on\1.80\bcprov-jdk18on-1.80.jar;C:\Users\Shree\.m2\repository\org\springframework\cloud\spring-cloud-config-client\4.3.0\spring-cloud-config-client-4.3.0.jar;C:\Users\Shree\.m2\repository\com\fasterxml\jackson\core\jackson-annotations\2.19.2\jackson-annotations-2.19.2.jar;C:\Users\Shree\.m2\repository\org\apache\httpcomponents\client5\httpclient5\5.5\httpclient5-5.5.jar;C:\Users\Shree\.m2\repository\org\apache\httpcomponents\core5\httpcore5\5.3.5\httpcore5-5.3.5.jar;C:\Users\Shree\.m2\repository\org\apache\httpcomponents\core5\httpcore5-h2\5.3.5\httpcore5-h2-5.3.5.jar;C:\Users\Shree\.m2\repository\com\fasterxml\jackson\core\jackson-databind\2.19.2\jackson-databind-2.19.2.jar;C:\Users\Shree\.m2\repository\com\fasterxml\jackson\core\jackson-core\2.19.2\jackson-core-2.19.2.jar;C:\Users\Shree\.m2\repository\org\springframework\cloud\spring-cloud-starter-netflix-eureka-client\4.3.0\spring-cloud-starter-netflix-eureka-client-4.3.0.jar;C:\Users\Shree\.m2\repository\org\springframework\cloud\spring-cloud-netflix-eureka-client\4.3.0\spring-cloud-netflix-eureka-client-4.3.0.jar;C:\Users\Shree\.m2\repository\com\netflix\eureka\eureka-client\2.0.4\eureka-client-2.0.4.jar;C:\Users\Shree\.m2\repository\com\thoughtworks\xstream\xstream\1.4.20\xstream-1.4.20.jar;C:\Users\Shree\.m2\repository\io\github\x-stream\mxparser\1.2.2\mxparser-1.2.2.jar;C:\Users\Shree\.m2\repository\xmlpull\xmlpull\1.1.3.1\xmlpull-1.1.3.1.jar;C:\Users\Shree\.m2\repository\jakarta\ws\rs\jakarta.ws.rs-api\3.1.0\jakarta.ws.rs-api-3.1.0.jar;C:\Users\Shree\.m2\repository\com\netflix\spectator\spectator-api\1.7.3\spectator-api-1.7.3.jar;C:\Users\Shree\.m2\repository\org\apache\httpcomponents\httpclient\4.5.3\httpclient-4.5.3.jar;C:\Users\Shree\.m2\repository\org\apache\httpcomponents\httpcore\4.4.16\httpcore-4.4.16.jar;C:\Users\Shree\.m2\repository\commons-codec\commons-codec\1.18.0\commons-codec-1.18.0.jar;C:\Users\Shree\.m2\repository\commons-configuration\commons-configuration\1.10\commons-configuration-1.10.jar;C:\Users\Shree\.m2\repository\commons-lang\commons-lang\2.6\commons-lang-2.6.jar;C:\Users\Shree\.m2\repository\com\netflix\netflix-commons\netflix-eventbus\0.3.0\netflix-eventbus-0.3.0.jar;C:\Users\Shree\.m2\repository\com\netflix\netflix-commons\netflix-infix\0.3.0\netflix-infix-0.3.0.jar;C:\Users\Shree\.m2\repository\commons-jxpath\commons-jxpath\1.3\commons-jxpath-1.3.jar;C:\Users\Shree\.m2\repository\joda-time\joda-time\2.3\joda-time-2.3.jar;C:\Users\Shree\.m2\repository\org\antlr\antlr-runtime\3.4\antlr-runtime-3.4.jar;C:\Users\Shree\.m2\repository\org\antlr\stringtemplate\3.2.1\stringtemplate-3.2.1.jar;C:\Users\Shree\.m2\repository\antlr\antlr\2.7.7\antlr-2.7.7.jar;C:\Users\Shree\.m2\repository\com\google\guava\guava\14.0.1\guava-14.0.1.jar;C:\Users\Shree\.m2\repository\com\google\code\gson\gson\2.13.2\gson-2.13.2.jar;C:\Users\Shree\.m2\repository\com\netflix\servo\servo-core\0.5.3\servo-core-0.5.3.jar;C:\Users\Shree\.m2\repository\org\apache\commons\commons-math\2.2\commons-math-2.2.jar;C:\Users\Shree\.m2\repository\javax\annotation\javax.annotation-api\1.2\javax.annotation-api-1.2.jar;C:\Users\Shree\.m2\repository\org\codehaus\jettison\jettison\1.5.4\jettison-1.5.4.jar;C:\Users\Shree\.m2\repository\org\springframework\cloud\spring-cloud-starter-loadbalancer\4.3.0\spring-cloud-starter-loadbalancer-4.3.0.jar;C:\Users\Shree\.m2\repository\org\springframework\cloud\spring-cloud-loadbalancer\4.3.0\spring-cloud-loadbalancer-4.3.0.jar;C:\Users\Shree\.m2\repository\io\projectreactor\reactor-core\3.7.11\reactor-core-3.7.11.jar;C:\Users\Shree\.m2\repository\org\reactivestreams\reactive-streams\1.0.4\reactive-streams-1.0.4.jar;C:\Users\Shree\.m2\repository\io\projectreactor\addons\reactor-extra\3.5.3\reactor-extra-3.5.3.jar;C:\Users\Shree\.m2\repository\org\springframework\boot\spring-boot-starter-cache\3.5.6\spring-boot-starter-cache-3.5.6.jar;C:\Users\Shree\.m2\repository\org\springframework\spring-context-support\6.2.11\spring-context-support-6.2.11.jar;C:\Users\Shree\.m2\repository\com\stoyanr\evictor\1.0.0\evictor-1.0.0.jar;C:\Users\Shree\.m2\repository\org\springframework\kafka\spring-kafka\3.3.10\spring-kafka-3.3.10.jar;C:\Users\Shree\.m2\repository\org\springframework\spring-context\6.2.11\spring-context-6.2.11.jar;C:\Users\Shree\.m2\repository\org\springframework\spring-messaging\6.2.11\spring-messaging-6.2.11.jar;C:\Users\Shree\.m2\repository\org\springframework\spring-tx\6.2.11\spring-tx-6.2.11.jar;C:\Users\Shree\.m2\repository\org\springframework\retry\spring-retry\2.0.10\spring-retry-2.0.10.jar;C:\Users\Shree\.m2\repository\org\apache\kafka\kafka-clients\3.9.1\kafka-clients-3.9.1.jar;C:\Users\Shree\.m2\repository\com\github\luben\zstd-jni\1.5.6-4\zstd-jni-1.5.6-4.jar;C:\Users\Shree\.m2\repository\org\lz4\lz4-java\1.8.0\lz4-java-1.8.0.jar;C:\Users\Shree\.m2\repository\org\xerial\snappy\snappy-java\1.1.10.5\snappy-java-1.1.10.5.jar;C:\Users\Shree\.m2\repository\com\mysql\mysql-connector-j\9.4.0\mysql-connector-j-9.4.0.jar;C:\Users\Shree\.m2\repository\org\projectlombok\lombok\1.18.40\lombok-1.18.40.jar;C:\Users\Shree\.m2\repository\jakarta\xml\bind\jakarta.xml.bind-api\4.0.2\jakarta.xml.bind-api-4.0.2.jar;C:\Users\Shree\.m2\repository\jakarta\activation\jakarta.activation-api\2.1.4\jakarta.activation-api-2.1.4.jar;C:\Users\Shree\.m2\repository\org\springframework\spring-core\6.2.11\spring-core-6.2.11.jar;C:\Users\Shree\.m2\repository\org\springframework\spring-jcl\6.2.11\spring-jcl-6.2.11.jar;C:\Users\Shree\.m2\repository\ch\qos\logback\logback-core\1.5.18\logback-core-1.5.18.jar;C:\Users\Shree\.m2\repository\ch\qos\logback\logback-classic\1.5.18\logback-classic-1.5.18.jar;C:\Users\Shree\.m2\repository\com\google\errorprone\error_prone_annotations\2.40.0\error_prone_annotations-2.40.0.jar
Launcher Type: SUN_STANDARD

[Global flags]
     intx CICompilerCount                          = 3                                         {product} {ergonomic}
     uint ConcGCThreads                            = 1                                         {product} {ergonomic}
     uint G1ConcRefinementThreads                  = 4                                         {product} {ergonomic}
   size_t G1HeapRegionSize                         = 1048576                                   {product} {ergonomic}
    uintx GCDrainStackTargetSize                   = 64                                        {product} {ergonomic}
   size_t InitialHeapSize                          = 134217728                                 {product} {ergonomic}
   size_t MarkStackSize                            = 4194304                                   {product} {ergonomic}
   size_t MaxHeapSize                              = 2126512128                                {product} {ergonomic}
   size_t MaxNewSize                               = 1275068416                                {product} {ergonomic}
   size_t MinHeapDeltaBytes                        = 1048576                                   {product} {ergonomic}
   size_t MinHeapSize                              = 8388608                                   {product} {ergonomic}
    uintx NonNMethodCodeHeapSize                   = 5832780                                {pd product} {ergonomic}
    uintx NonProfiledCodeHeapSize                  = 122912730                              {pd product} {ergonomic}
    uintx ProfiledCodeHeapSize                     = 122912730                              {pd product} {ergonomic}
    uintx ReservedCodeCacheSize                    = 251658240                              {pd product} {ergonomic}
     bool SegmentedCodeCache                       = true                                      {product} {ergonomic}
     bool ShowCodeDetailsInExceptionMessages       = true                                   {manageable} {command line}
   size_t SoftMaxHeapSize                          = 2126512128                             {manageable} {ergonomic}
     bool UseCompressedOops                        = true                           {product lp64_product} {ergonomic}
     bool UseG1GC                                  = true                                      {product} {ergonomic}
     bool UseLargePagesIndividualAllocation        = false                                  {pd product} {ergonomic}

Logging:
Log output configuration:
 #0: stdout all=warning uptime,level,tags foldmultilines=false
 #1: stderr all=off uptime,level,tags foldmultilines=false

Environment Variables:
JAVA_HOME=C:\Program Files\Java\jdk-17
PATH=C:/Users/Shree/.p2/pool/plugins/org.eclipse.justj.openjdk.hotspot.jre.full.win32.x86_64_21.0.7.v20250502-0916/jre/bin/server;C:/Users/Shree/.p2/pool/plugins/org.eclipse.justj.openjdk.hotspot.jre.full.win32.x86_64_21.0.7.v20250502-0916/jre/bin;H:\oracle\product\10.2.0\db_3\bin;C:\Program Files (x86)\Intel\iCLS Client\;C:\Program Files\Intel\iCLS Client\;C:\WINDOWS\system32;C:\WINDOWS;C:\WINDOWS\System32\Wbem;C:\WINDOWS\System32\WindowsPowerShell\v1.0\;C:\Windows\IsmFiles;C:\Program Files (x86)\Intel\Intel(R) Management Engine Components\DAL;C:\Program Files\Intel\Intel(R) Management Engine Components\DAL;C:\Program Files (x86)\Intel\Intel(R) Management Engine Components\IPT;C:\Program Files\Intel\Intel(R) Management Engine Components\IPT;C:\WINDOWS\System32\OpenSSH\;C:\Users\Shree\AppData\Local\Programs\Python\Python38-32;C:\Users\Shree\AppData\Local\Programs\Python\Python38-32\Scripts;C:\MinGW\bin;C:\xampp\php;C:\ProgramData\ComposerSetup\bin;C:\ProgramData\chocolatey\bin;C:\xampp1\php;C:\Users\Shree\.vscode\extensions\ms-dotnettools.csharp-1.23.8\.omnisharp\1.37.5;F:\Git\cmd;C:\Program Files\nodejs\;C:\Program Files\MySQL\MySQL Server 8.0\bin;C:\Program Files\Java\jdk-17\bin;C:\Program Files\Java\jdk-17\bin;C:\Program Files\apache-maven-3.9.11\bin;C:\Users\Shree\.local\bin;C:\Program Files\MySQL\MySQL Shell 8.0\bin\;C:\Users\Shree\AppData\Local\Microsoft\WindowsApps;C:\Users\Shree\.dotnet\tools;C:\Users\Shree\AppData\Local\JetBrains\PyCharm Community Edition 2019.3.4\bin;;C:\Users\Shree\AppData\Local\Programs\Microsoft VS Code\bin;C:\Users\Shree\AppData\Roaming\Composer\vendor\bin;C:\Users\Shree\AppData\Local\GitHubDesktop\bin;C:\Users\Shree\AppData\Roaming\npm;C:\Windows\System32\wbem;C:\Windows\System32;C:\Users\Shree\.local\bin;C:\Program Files\Java\jdk-17\bin;C:\Program Files\Java\jdk-17\bin;C:\Program Files\apache-maven-3.9.11\bin;;C:\WINDOWS\system32;
USERNAME=Shree
OS=Windows_NT
PROCESSOR_IDENTIFIER=Intel64 Family 6 Model 78 Stepping 3, GenuineIntel
TMP=C:\Users\Shree\AppData\Local\Temp
TEMP=C:\Users\Shree\AppData\Local\Temp




Periodic native trim disabled

---------------  S Y S T E M  ---------------

OS:
 Windows 10 , 64 bit Build 19041 (10.0.19041.5915)
OS uptime: 0 days 2:22 hours

CPU: total 4 (initial active 4) (2 cores per cpu, 2 threads per core) family 6 model 78 stepping 3 microcode 0xcc, cx8, cmov, fxsr, ht, mmx, 3dnowpref, sse, sse2, sse3, ssse3, sse4.1, sse4.2, popcnt, lzcnt, tsc, tscinvbit, avx, avx2, aes, erms, clmul, bmi1, bmi2, adx, fma, vzeroupper, clflush, clflushopt, rdtscp, f16c
Processor Information for the first 4 processors :
  Max Mhz: 2000, Current Mhz: 2000, Mhz Limit: 2000

Memory: 4k page, system-wide physical 8108M (322M free)
TotalPageFile size 14252M (AvailPageFile size 28M)
current process WorkingSet (physical memory assigned to process): 311M, peak: 324M
current process commit charge ("private bytes"): 336M, peak: 352M

vm_info: OpenJDK 64-Bit Server VM (21.0.7+6-LTS) for windows-amd64 JRE (21.0.7+6-LTS), built on 2025-04-15T00:00:00Z by "admin" with MS VC++ 17.7 (VS2022)

END.
